Thu 03 Apr 2025 10:28:59 PM CST: 开始监控 /home/mlsp/app 目录下的 .py 文件变更...
Thu 03 Apr 2025 10:31:48 PM CST: 开始监控 /home/mlsp/app 目录下的 .py 文件变更...
Thu 03 Apr 2025 10:32:54 PM CST: 检测到文件变更: /home/mlsp/app/api/endpoints/inventory.py
Thu 03 Apr 2025 10:32:54 PM CST: 检测到文件变更，重启应用...
Thu 03 Apr 2025 10:32:54 PM CST: 停止应用...
Thu 03 Apr 2025 10:32:54 PM CST: 停止进程 73533
Thu 03 Apr 2025 10:32:54 PM CST: 应用已停止
Thu 03 Apr 2025 10:32:54 PM CST: 检测到文件变更: /home/mlsp/app/api/endpoints/inventory.py
Thu 03 Apr 2025 10:32:54 PM CST: 检测到文件变更，重启应用...
Thu 03 Apr 2025 10:32:54 PM CST: 停止应用...
Thu 03 Apr 2025 10:32:54 PM CST: 找不到PID文件，应用可能没有运行
Thu 03 Apr 2025 10:32:56 PM CST: 启动应用...
Thu 03 Apr 2025 10:32:56 PM CST: 应用已在后台启动，进程ID保存在app.pid
Thu 03 Apr 2025 10:32:56 PM CST: 启动应用...
Thu 03 Apr 2025 10:32:56 PM CST: 应用已在后台启动，进程ID保存在app.pid
Thu 03 Apr 2025 10:35:13 PM CST: 检测到文件变更: /home/mlsp/app/main.py
Thu 03 Apr 2025 10:35:13 PM CST: 检测到文件变更，重启应用...
Thu 03 Apr 2025 10:35:13 PM CST: 停止应用...
Thu 03 Apr 2025 10:35:13 PM CST: 停止进程 134735
Thu 03 Apr 2025 10:35:13 PM CST: 应用已停止
Thu 03 Apr 2025 10:35:15 PM CST: 启动应用...
Thu 03 Apr 2025 10:35:15 PM CST: 应用已在后台启动，进程ID保存在app.pid
Thu 03 Apr 2025 10:35:31 PM CST: 检测到文件变更: /home/mlsp/app/api/endpoints/inventory.py
Thu 03 Apr 2025 10:35:31 PM CST: 检测到文件变更，重启应用...
Thu 03 Apr 2025 10:35:31 PM CST: 停止应用...
Thu 03 Apr 2025 10:35:31 PM CST: 停止进程 135304
Thu 03 Apr 2025 10:35:31 PM CST: 应用已停止
Thu 03 Apr 2025 10:35:33 PM CST: 启动应用...
Thu 03 Apr 2025 10:35:33 PM CST: 应用已在后台启动，进程ID保存在app.pid
